<?xml version="1.0" encoding="UTF-8"?>
<testng-results ignored="0" total="1" passed="1" failed="0" skipped="0">
  <reporter-output>
  </reporter-output>
  <suite started-at="2024-01-02T22:41:20 EST" name="Default suite" finished-at="2024-01-02T22:41:28 EST" duration-ms="7413">
    <groups>
    </groups>
    <test started-at="2024-01-02T22:41:20 EST" name="Default test" finished-at="2024-01-02T22:41:28 EST" duration-ms="7413">
      <class name="testCases.LogIn">
        <test-method signature="LogInStart()[pri:0, instance:testCases.LogIn@5db250b4]" started-at="2024-01-02T22:41:20 EST" name="LogInStart" finished-at="2024-01-02T22:41:28 EST" duration-ms="7388" status="PASS">
          <reporter-output>
          </reporter-output>
        </test-method> <!-- LogInStart -->
      </class> <!-- testCases.LogIn -->
    </test> <!-- Default test -->
  </suite> <!-- Default suite -->
</testng-results>
